<?xml version="1.0" encoding="UTF-8"?>
<!-- Generated by org.testng.reporters.JUnitReportReporter -->
<testsuite hostname="DESKTOP-ABOACJP" failures="1" tests="2" name="cucumber.TestNGTestRunner" time="34.257" errors="0" timestamp="2024-05-14T20:16:56 IST" skipped="0">
  <testcase classname="cucumber.TestNGTestRunner" name="runScenario" time="25.092"/>
  <testcase classname="cucumber.TestNGTestRunner" name="runScenario" time="9.165">
    <failure message="expected [Incorrect email or password.] but found [Incorrect email or password]" type="java.lang.AssertionError">
      <![CDATA[java.lang.AssertionError: expected [Incorrect email or password.] but found [Incorrect email or password]
at org.testng.Assert.fail(Assert.java:111)
at org.testng.Assert.failNotEquals(Assert.java:1578)
at org.testng.Assert.assertEqualsImpl(Assert.java:150)
at org.testng.Assert.assertEquals(Assert.java:132)
at org.testng.Assert.assertEquals(Assert.java:656)
at org.testng.Assert.assertEquals(Assert.java:666)
at Practice.StepDefinition.StepDefinition.error_message_displayed(StepDefinition.java:69)
at âœ½."Incorrect email or password" message is dispalyed(file:///F:/SeleniumFrameworkDesign/src/test/java/cucumber/ErrorValidation.feature:9)
]]>
    </failure>
  </testcase> <!-- runScenario -->
</testsuite> <!-- cucumber.TestNGTestRunner -->
